{
  "RSpec": {
    "coverage": {
      "/home/bola/Desktop/project/conf/app/models/agenda.rb": [
        null,
        null,
        1,
        1,
        1,
        null
      ],
      "/home/bola/Desktop/project/conf/app/models/application_record.rb": [
        null,
        null,
        1,
        1,
        null
      ],
      "/home/bola/Desktop/project/conf/app/models/conference.rb": [
        null,
        null,
        1,
        1,
        1,
        null,
        1,
        null
      ],
      "/home/bola/Desktop/project/conf/app/models/schedule.rb": [
        null,
        null,
        1,
        1,
        1,
        null,
        1,
        1,
        null,
        1,
        1,
        4,
        4,
        null,
        null,
        null
      ],
      "/home/bola/Desktop/project/conf/app/models/user.rb": [
        null,
        null,
        1,
        237,
        1,
        null,
        1,
        1,
        null,
        1,
        1,
        null,
        1,
        null,
        1,
        1,
        6,
        null,
        null,
        null,
        null
      ],
      "/home/bola/Desktop/project/conf/app/lib/json_web_token.rb": [
        null,
        null,
        1,
        1,
        null,
        1,
        53,
        53,
        null,
        null,
        1,
        36,
        36,
        null,
        0,
        null,
        null
      ],
      "/home/bola/Desktop/project/conf/app/controllers/concerns/response.rb": [
        null,
        null,
        1,
        1,
        43,
        null,
        null
      ],
      "/home/bola/Desktop/project/conf/app/controllers/concerns/exception_handler.rb": [
        null,
        null,
        1,
        1,
        null,
        1,
        1,
        1,
        null,
        1,
        1,
        1,
        1,
        1,
        null,
        1,
        8,
        null,
        null,
        null,
        1,
        null,
        1,
        14,
        null,
        null,
        1,
        1,
        null,
        null
      ],
      "/home/bola/Desktop/project/conf/app/controllers/agendas_controller.rb": [
        null,
        null,
        1,
        1,
        1,
        null,
        1,
        2,
        2,
        null,
        null,
        1,
        3,
        1,
        null,
        null,
        1,
        2,
        null,
        null,
        1,
        2,
        2,
        null,
        null,
        1,
        1,
        1,
        null,
        null,
        1,
        null,
        1,
        5,
        null,
        null,
        1,
        16,
        null,
        null,
        1,
        9,
        null,
        null
      ],
      "/home/bola/Desktop/project/conf/app/auth/authorize_api_request.rb": [
        null,
        null,
        1,
        1,
        38,
        null,
        null,
        1,
        38,
        null,
        null,
        1,
        null,
        1,
        null,
        1,
        38,
        null,
        0,
        null,
        0,
        null,
        null,
        null,
        1,
        74,
        null,
        null,
        1,
        38,
        null,
        2,
        null,
        null
      ],
      "/home/bola/Desktop/project/conf/app/controllers/authentication_controller.rb": [
        null,
        null,
        1,
        1,
        null,
        1,
        null,
        2,
        1,
        1,
        null,
        null,
        1,
        null,
        1,
        5,
        null,
        null
      ],
      "/home/bola/Desktop/project/conf/app/auth/authenticate_user.rb": [
        null,
        null,
        1,
        1,
        5,
        5,
        null,
        null,
        1,
        5,
        null,
        null,
        1,
        null,
        1,
        null,
        1,
        9,
        9,
        null,
        1,
        null,
        null
      ],
      "/home/bola/Desktop/project/conf/app/lib/message.rb": [
        null,
        null,
        1,
        1,
        0,
        null,
        null,
        1,
        1,
        null,
        null,
        1,
        0,
        null,
        null,
        1,
        2,
        null,
        null,
        1,
        0,
        null,
        null,
        1,
        3,
        null,
        null,
        1,
        0,
        null,
        null,
        1,
        0,
        null,
        null
      ],
      "/home/bola/Desktop/project/conf/app/controllers/conferences_controller.rb": [
        null,
        null,
        1,
        1,
        null,
        null,
        1,
        3,
        3,
        null,
        null,
        null,
        1,
        4,
        2,
        null,
        null,
        null,
        1,
        3,
        null,
        null,
        null,
        1,
        2,
        2,
        null,
        null,
        null,
        1,
        1,
        1,
        null,
        null,
        1,
        null,
        1,
        6,
        null,
        null,
        1,
        8,
        null,
        null
      ],
      "/home/bola/Desktop/project/conf/app/controllers/schedules_controller.rb": [
        null,
        null,
        1,
        null,
        null,
        1,
        3,
        1,
        1,
        null,
        null,
        1,
        2,
        2,
        null,
        null,
        1,
        null,
        1,
        3,
        null,
        null
      ],
      "/home/bola/Desktop/project/conf/app/controllers/users_controller.rb": [
        null,
        null,
        1,
        1,
        null,
        1,
        9,
        3,
        3,
        3,
        3,
        null,
        null,
        1,
        null,
        1,
        9,
        null,
        null,
        null,
        null,
        null,
        null,
        null,
        null
      ]
    },
    "timestamp": 1575816567
  }
}
